Added Component: Designator=C1(0402)
Added Component: Designator=C2(0402)
Added Component: Designator=C3(0402)
Added Component: Designator=C4(0603)
Added Component: Designator=C5(0603)
Added Component: Designator=C6(0603)
Added Component: Designator=C7(0603)
Added Component: Designator=C8(0603)
Added Component: Designator=C9(0603)
Added Component: Designator=C10(0603)
Added Component: Designator=C11(0603)
Added Component: Designator=C12(0603)
Added Component: Designator=C13(0603)
Added Component: Designator=C14(0603)
Added Component: Designator=C15(0603)
Added Component: Designator=C16(0603)
Added Component: Designator=C17(0603)
Added Component: Designator=C18(0603)
Added Component: Designator=C19(0603)
Added Component: Designator=C20(0603)
Added Component: Designator=C21(0603)
Added Component: Designator=C22(0603)
Added Component: Designator=C23(0603)
Added Component: Designator=C24(0603)
Added Component: Designator=C25(0603)
Added Component: Designator=C26(0603)
Added Component: Designator=C27(0603)
Added Component: Designator=C28(0603)
Added Component: Designator=C29(0603)
Added Component: Designator=C30(0603)
Added Component: Designator=C31(0603)
Added Component: Designator=C32(0603)
Added Component: Designator=P1(HDR1X8)
Added Component: Designator=P2(HDR1X8)
Added Component: Designator=P3(HDR1X10)
Added Component: Designator=P4(HDR1X2)
Added Component: Designator=P5(HDR1X2)
Added Component: Designator=P6(HDR2X6)
Added Component: Designator=R1(0402)
Added Component: Designator=R2(0603)
Added Component: Designator=SMA1(SMA - Hole - 5 Pin)
Added Component: Designator=SMA2(SMA - Hole - 5 Pin)
Added Component: Designator=U1(ADG902)
Added Component: Designator=U2(LT5534)
Added Component: Designator=U3(NCS2200A)
Added Component: Designator=U4(3314G-1)
Added Component: Designator=U5(VQ100_N)
Added Component: Designator=U6(TPS73633)
Added Component: Designator=U7(TPS73633)
Added Component: Designator=U8(ASTX_H11)
Added Component: Designator=U9(PTS645)
Added Pin To Net: NetName=GND Pin=C2-1
Added Pin To Net: NetName=GND Pin=C3-1
Added Pin To Net: NetName=GND Pin=C4-1
Added Pin To Net: NetName=GND Pin=C5-1
Added Pin To Net: NetName=GND Pin=C6-1
Added Pin To Net: NetName=GND Pin=C7-1
Added Pin To Net: NetName=GND Pin=C8-1
Added Pin To Net: NetName=GND Pin=C9-1
Added Pin To Net: NetName=GND Pin=C10-1
Added Pin To Net: NetName=GND Pin=C11-1
Added Pin To Net: NetName=GND Pin=C12-1
Added Pin To Net: NetName=GND Pin=C13-1
Added Pin To Net: NetName=GND Pin=C14-1
Added Pin To Net: NetName=GND Pin=C15-1
Added Pin To Net: NetName=GND Pin=C16-1
Added Pin To Net: NetName=GND Pin=C17-1
Added Pin To Net: NetName=GND Pin=C18-1
Added Pin To Net: NetName=GND Pin=C19-1
Added Pin To Net: NetName=GND Pin=C20-1
Added Pin To Net: NetName=GND Pin=C21-1
Added Pin To Net: NetName=GND Pin=C22-1
Added Pin To Net: NetName=GND Pin=C23-1
Added Pin To Net: NetName=GND Pin=C24-1
Added Pin To Net: NetName=GND Pin=C25-1
Added Pin To Net: NetName=GND Pin=C26-1
Added Pin To Net: NetName=GND Pin=C27-1
Added Pin To Net: NetName=GND Pin=C28-1
Added Pin To Net: NetName=GND Pin=C29-1
Added Pin To Net: NetName=GND Pin=C30-1
Added Pin To Net: NetName=GND Pin=C31-1
Added Pin To Net: NetName=GND Pin=C32-1
Added Pin To Net: NetName=GND Pin=P5-2
Added Pin To Net: NetName=GND Pin=P6-4
Added Pin To Net: NetName=GND Pin=P6-5
Added Pin To Net: NetName=GND Pin=P6-11
Added Pin To Net: NetName=GND Pin=P6-12
Added Pin To Net: NetName=GND Pin=R1-1
Added Pin To Net: NetName=GND Pin=SMA1-1
Added Pin To Net: NetName=GND Pin=SMA1-1
Added Pin To Net: NetName=GND Pin=SMA1-1
Added Pin To Net: NetName=GND Pin=SMA1-1
Added Pin To Net: NetName=GND Pin=SMA2-1
Added Pin To Net: NetName=GND Pin=SMA2-1
Added Pin To Net: NetName=GND Pin=SMA2-1
Added Pin To Net: NetName=GND Pin=SMA2-1
Added Pin To Net: NetName=GND Pin=U1-3
Added Pin To Net: NetName=GND Pin=U1-5
Added Pin To Net: NetName=GND Pin=U1-6
Added Pin To Net: NetName=GND Pin=U1-7
Added Pin To Net: NetName=GND Pin=U1-8
Added Pin To Net: NetName=GND Pin=U2-2
Added Pin To Net: NetName=GND Pin=U2-5
Added Pin To Net: NetName=GND Pin=U3-5
Added Pin To Net: NetName=GND Pin=U4-3
Added Pin To Net: NetName=GND Pin=U5-1
Added Pin To Net: NetName=GND Pin=U5-9
Added Pin To Net: NetName=GND Pin=U5-12
Added Pin To Net: NetName=GND Pin=U5-25
Added Pin To Net: NetName=GND Pin=U5-38
Added Pin To Net: NetName=GND Pin=U5-46
Added Pin To Net: NetName=GND Pin=U5-51
Added Pin To Net: NetName=GND Pin=U5-67
Added Pin To Net: NetName=GND Pin=U5-75
Added Pin To Net: NetName=GND Pin=U5-88
Added Pin To Net: NetName=GND Pin=U5-99
Added Pin To Net: NetName=GND Pin=U6-2
Added Pin To Net: NetName=GND Pin=U7-2
Added Pin To Net: NetName=GND Pin=U8-2
Added Pin To Net: NetName=GND Pin=U9-3
Added Pin To Net: NetName=GND Pin=U9-4
Added Net: Name=GND
Added Pin To Net: NetName=NetC1_1 Pin=C1-1
Added Pin To Net: NetName=NetC1_1 Pin=U2-6
Added Net: Name=NetC1_1
Added Pin To Net: NetName=NetC1_2 Pin=C1-2
Added Pin To Net: NetName=NetC1_2 Pin=R1-2
Added Pin To Net: NetName=NetC1_2 Pin=SMA1-2
Added Net: Name=NetC1_2
Added Pin To Net: NetName=NetC32_2 Pin=C32-2
Added Pin To Net: NetName=NetC32_2 Pin=R2-1
Added Pin To Net: NetName=NetC32_2 Pin=U5-10
Added Pin To Net: NetName=NetC32_2 Pin=U9-1
Added Pin To Net: NetName=NetC32_2 Pin=U9-2
Added Net: Name=NetC32_2
Added Pin To Net: NetName=NetP1_1 Pin=P1-1
Added Pin To Net: NetName=NetP1_1 Pin=U1-2
Added Pin To Net: NetName=NetP1_1 Pin=U5-98
Added Net: Name=NetP1_1
Added Pin To Net: NetName=NetP1_2 Pin=P1-2
Added Pin To Net: NetName=NetP1_2 Pin=U5-97
Added Net: Name=NetP1_2
Added Pin To Net: NetName=NetP1_3 Pin=P1-3
Added Pin To Net: NetName=NetP1_3 Pin=U5-96
Added Net: Name=NetP1_3
Added Pin To Net: NetName=NetP1_4 Pin=P1-4
Added Pin To Net: NetName=NetP1_4 Pin=U5-95
Added Net: Name=NetP1_4
Added Pin To Net: NetName=NetP1_5 Pin=P1-5
Added Pin To Net: NetName=NetP1_5 Pin=U5-94
Added Net: Name=NetP1_5
Added Pin To Net: NetName=NetP1_6 Pin=P1-6
Added Pin To Net: NetName=NetP1_6 Pin=U5-93
Added Net: Name=NetP1_6
Added Pin To Net: NetName=NetP1_7 Pin=P1-7
Added Pin To Net: NetName=NetP1_7 Pin=U5-92
Added Net: Name=NetP1_7
Added Pin To Net: NetName=NetP1_8 Pin=P1-8
Added Pin To Net: NetName=NetP1_8 Pin=U5-91
Added Net: Name=NetP1_8
Added Pin To Net: NetName=NetP2_1 Pin=P2-1
Added Pin To Net: NetName=NetP2_1 Pin=U5-90
Added Net: Name=NetP2_1
Added Pin To Net: NetName=NetP2_2 Pin=P2-2
Added Pin To Net: NetName=NetP2_2 Pin=U5-86
Added Net: Name=NetP2_2
Added Pin To Net: NetName=NetP2_3 Pin=P2-3
Added Pin To Net: NetName=NetP2_3 Pin=U5-85
Added Net: Name=NetP2_3
Added Pin To Net: NetName=NetP2_4 Pin=P2-4
Added Pin To Net: NetName=NetP2_4 Pin=U5-84
Added Net: Name=NetP2_4
Added Pin To Net: NetName=NetP2_5 Pin=P2-5
Added Pin To Net: NetName=NetP2_5 Pin=U5-83
Added Net: Name=NetP2_5
Added Pin To Net: NetName=NetP2_6 Pin=P2-6
Added Pin To Net: NetName=NetP2_6 Pin=U5-82
Added Net: Name=NetP2_6
Added Pin To Net: NetName=NetP2_7 Pin=P2-7
Added Pin To Net: NetName=NetP2_7 Pin=U5-81
Added Net: Name=NetP2_7
Added Pin To Net: NetName=NetP2_8 Pin=P2-8
Added Pin To Net: NetName=NetP2_8 Pin=U5-80
Added Net: Name=NetP2_8
Added Pin To Net: NetName=NetP3_1 Pin=P3-1
Added Pin To Net: NetName=NetP3_1 Pin=U5-79
Added Net: Name=NetP3_1
Added Pin To Net: NetName=NetP3_2 Pin=P3-2
Added Pin To Net: NetName=NetP3_2 Pin=U5-78
Added Net: Name=NetP3_2
Added Pin To Net: NetName=NetP3_3 Pin=P3-3
Added Pin To Net: NetName=NetP3_3 Pin=U5-77
Added Net: Name=NetP3_3
Added Pin To Net: NetName=NetP3_4 Pin=P3-4
Added Pin To Net: NetName=NetP3_4 Pin=U5-76
Added Net: Name=NetP3_4
Added Pin To Net: NetName=NetP3_5 Pin=P3-5
Added Pin To Net: NetName=NetP3_5 Pin=U5-73
Added Net: Name=NetP3_5
Added Pin To Net: NetName=NetP3_6 Pin=P3-6
Added Pin To Net: NetName=NetP3_6 Pin=U5-72
Added Net: Name=NetP3_6
Added Pin To Net: NetName=NetP3_7 Pin=P3-7
Added Pin To Net: NetName=NetP3_7 Pin=U5-71
Added Net: Name=NetP3_7
Added Pin To Net: NetName=NetP3_8 Pin=P3-8
Added Pin To Net: NetName=NetP3_8 Pin=U5-70
Added Net: Name=NetP3_8
Added Pin To Net: NetName=NetP3_9 Pin=P3-9
Added Pin To Net: NetName=NetP3_9 Pin=U5-69
Added Net: Name=NetP3_9
Added Pin To Net: NetName=NetP3_10 Pin=P3-10
Added Pin To Net: NetName=NetP3_10 Pin=U5-65
Added Net: Name=NetP3_10
Added Pin To Net: NetName=NetP4_1 Pin=P4-1
Added Pin To Net: NetName=NetP4_1 Pin=U2-3
Added Pin To Net: NetName=NetP4_1 Pin=U3-3
Added Net: Name=NetP4_1
Added Pin To Net: NetName=NetP4_2 Pin=P4-2
Added Pin To Net: NetName=NetP4_2 Pin=U2-1
Added Pin To Net: NetName=NetP4_2 Pin=U5-64
Added Net: Name=NetP4_2
Added Pin To Net: NetName=NetP6_2 Pin=P6-2
Added Pin To Net: NetName=NetP6_2 Pin=U5-47
Added Net: Name=NetP6_2
Added Pin To Net: NetName=NetP6_3 Pin=P6-3
Added Pin To Net: NetName=NetP6_3 Pin=U5-49
Added Net: Name=NetP6_3
Added Pin To Net: NetName=NetP6_6 Pin=P6-6
Added Pin To Net: NetName=NetP6_6 Pin=U5-48
Added Net: Name=NetP6_6
Added Pin To Net: NetName=NetP6_8 Pin=P6-8
Added Pin To Net: NetName=NetP6_8 Pin=U5-55
Added Net: Name=NetP6_8
Added Pin To Net: NetName=NetP6_9 Pin=P6-9
Added Pin To Net: NetName=NetP6_9 Pin=U5-54
Added Net: Name=NetP6_9
Added Pin To Net: NetName=NetSMA2_2 Pin=SMA2-2
Added Pin To Net: NetName=NetSMA2_2 Pin=U1-4
Added Net: Name=NetSMA2_2
Added Pin To Net: NetName=NetU3_1 Pin=U3-1
Added Net: Name=NetU3_1
Added Pin To Net: NetName=NetU3_4 Pin=U3-4
Added Pin To Net: NetName=NetU3_4 Pin=U4-2
Added Net: Name=NetU3_4
Added Pin To Net: NetName=NetU5_15 Pin=U5-15
Added Pin To Net: NetName=NetU5_15 Pin=U8-3
Added Net: Name=NetU5_15
Added Pin To Net: NetName=VCC_1_5 Pin=C4-2
Added Pin To Net: NetName=VCC_1_5 Pin=C5-2
Added Pin To Net: NetName=VCC_1_5 Pin=C6-2
Added Pin To Net: NetName=VCC_1_5 Pin=C7-2
Added Pin To Net: NetName=VCC_1_5 Pin=C8-2
Added Pin To Net: NetName=VCC_1_5 Pin=C9-2
Added Pin To Net: NetName=VCC_1_5 Pin=U5-14
Added Pin To Net: NetName=VCC_1_5 Pin=U5-17
Added Pin To Net: NetName=VCC_1_5 Pin=U5-37
Added Pin To Net: NetName=VCC_1_5 Pin=U5-68
Added Pin To Net: NetName=VCC_1_5 Pin=U5-89
Added Pin To Net: NetName=VCC_1_5 Pin=U6-5
Added Net: Name=VCC_1_5
Added Pin To Net: NetName=VCC_3_3 Pin=C2-2
Added Pin To Net: NetName=VCC_3_3 Pin=C3-2
Added Pin To Net: NetName=VCC_3_3 Pin=C10-2
Added Pin To Net: NetName=VCC_3_3 Pin=C11-2
Added Pin To Net: NetName=VCC_3_3 Pin=C12-2
Added Pin To Net: NetName=VCC_3_3 Pin=C13-2
Added Pin To Net: NetName=VCC_3_3 Pin=C14-2
Added Pin To Net: NetName=VCC_3_3 Pin=C15-2
Added Pin To Net: NetName=VCC_3_3 Pin=C16-2
Added Pin To Net: NetName=VCC_3_3 Pin=C17-2
Added Pin To Net: NetName=VCC_3_3 Pin=C18-2
Added Pin To Net: NetName=VCC_3_3 Pin=C19-2
Added Pin To Net: NetName=VCC_3_3 Pin=C20-2
Added Pin To Net: NetName=VCC_3_3 Pin=C21-2
Added Pin To Net: NetName=VCC_3_3 Pin=C22-2
Added Pin To Net: NetName=VCC_3_3 Pin=C23-2
Added Pin To Net: NetName=VCC_3_3 Pin=C24-2
Added Pin To Net: NetName=VCC_3_3 Pin=C25-2
Added Pin To Net: NetName=VCC_3_3 Pin=C26-2
Added Pin To Net: NetName=VCC_3_3 Pin=C27-2
Added Pin To Net: NetName=VCC_3_3 Pin=C28-2
Added Pin To Net: NetName=VCC_3_3 Pin=C29-2
Added Pin To Net: NetName=VCC_3_3 Pin=C30-2
Added Pin To Net: NetName=VCC_3_3 Pin=C31-2
Added Pin To Net: NetName=VCC_3_3 Pin=P6-7
Added Pin To Net: NetName=VCC_3_3 Pin=P6-10
Added Pin To Net: NetName=VCC_3_3 Pin=R2-2
Added Pin To Net: NetName=VCC_3_3 Pin=U1-1
Added Pin To Net: NetName=VCC_3_3 Pin=U2-4
Added Pin To Net: NetName=VCC_3_3 Pin=U3-2
Added Pin To Net: NetName=VCC_3_3 Pin=U4-1
Added Pin To Net: NetName=VCC_3_3 Pin=U5-18
Added Pin To Net: NetName=VCC_3_3 Pin=U5-24
Added Pin To Net: NetName=VCC_3_3 Pin=U5-39
Added Pin To Net: NetName=VCC_3_3 Pin=U5-50
Added Pin To Net: NetName=VCC_3_3 Pin=U5-52
Added Pin To Net: NetName=VCC_3_3 Pin=U5-56
Added Pin To Net: NetName=VCC_3_3 Pin=U5-66
Added Pin To Net: NetName=VCC_3_3 Pin=U5-74
Added Pin To Net: NetName=VCC_3_3 Pin=U5-87
Added Pin To Net: NetName=VCC_3_3 Pin=U5-100
Added Pin To Net: NetName=VCC_3_3 Pin=U7-5
Added Pin To Net: NetName=VCC_3_3 Pin=U8-4
Added Net: Name=VCC_3_3
Added Pin To Net: NetName=VCC Pin=P5-1
Added Pin To Net: NetName=VCC Pin=U6-1
Added Pin To Net: NetName=VCC Pin=U6-3
Added Pin To Net: NetName=VCC Pin=U7-1
Added Pin To Net: NetName=VCC Pin=U7-3
Added Net: Name=VCC
Added Class: Name=fpga_radio
Added Class: Name=io_bank
Added Class: Name=power
Added Room: Name=fpga_radio
Added Room: Name=io_bank
Added Room: Name=power
