Added Component: Designator=P2(HDR1X8)
Added Component: Designator=U3(NCS2200)
Added Pin To Net: NetName=NetP2_1 Pin=P2-1
Added Pin To Net: NetName=NetP2_2 Pin=P2-2
Added Pin To Net: NetName=NetP2_3 Pin=P2-3
Added Pin To Net: NetName=NetP2_4 Pin=P2-4
Added Pin To Net: NetName=NetP2_5 Pin=P2-5
Added Pin To Net: NetName=NetP2_6 Pin=P2-6
Added Pin To Net: NetName=NetP2_7 Pin=P2-7
Added Pin To Net: NetName=NetP2_8 Pin=P2-8
Added Pin To Net: NetName=NetP1_2 Pin=U3-1
Added Pin To Net: NetName=VCC_3_3 Pin=U3-2
Added Pin To Net: NetName=NetP4_1 Pin=U3-3
Added Pin To Net: NetName=NetU3_4 Pin=U3-4
Added Pin To Net: NetName=GND Pin=U3-5
Added Member To Class: ClassName=io_bank Member=Component P2 Header 8
Added Member To Class: ClassName=fpga_radio Member=Component U3 NCS2200A
Added Room: Name=fpga_radio
Added Room: Name=io_bank
Added Room: Name=power
