Added Component: Designator=U1(ADG919)
Added Component: Designator=U2(LT5534)
Added Component: Designator=U4(TPS73633)
Added Component: Designator=U5(TPS73633)
Added Component: Designator=U7(PTS645)
Added Pin To Net: NetName=VCC_3_3 Pin=U1-1
Added Pin To Net: NetName=NetP1_1 Pin=U1-2
Added Pin To Net: NetName=GND Pin=U1-3
Added Pin To Net: NetName=NetSMA1_2 Pin=U1-4
Added Pin To Net: NetName=NetU1_5 Pin=U1-5
Added Pin To Net: NetName=GND Pin=U1-6
Added Pin To Net: NetName=GND Pin=U1-7
Added Pin To Net: NetName=GND Pin=U1-8
Added Pin To Net: NetName=NetP4_2 Pin=U2-1
Added Pin To Net: NetName=GND Pin=U2-2
Added Pin To Net: NetName=NetP4_1 Pin=U2-3
Added Pin To Net: NetName=VCC_3_3 Pin=U2-4
Added Pin To Net: NetName=GND Pin=U2-5
Added Pin To Net: NetName=NetU1_5 Pin=U2-6
Added Pin To Net: NetName=VCC Pin=U4-1
Added Pin To Net: NetName=GND Pin=U4-2
Added Pin To Net: NetName=VCC Pin=U4-3
Added Pin To Net: NetName=VCC_1_5 Pin=U4-5
Added Pin To Net: NetName=VCC Pin=U5-1
Added Pin To Net: NetName=GND Pin=U5-2
Added Pin To Net: NetName=VCC Pin=U5-3
Added Pin To Net: NetName=VCC_3_3 Pin=U5-5
Added Pin To Net: NetName=NetC29_2 Pin=U7-1
Added Pin To Net: NetName=NetC29_2 Pin=U7-2
Added Pin To Net: NetName=GND Pin=U7-3
Added Pin To Net: NetName=GND Pin=U7-4
Added Member To Class: ClassName=fpga_radio Member=Component U1 adg919
Added Member To Class: ClassName=fpga_radio Member=Component U2 LT55534
Added Member To Class: ClassName=power Member=Component U4 TPS73615
Added Member To Class: ClassName=power Member=Component U5 TPS73633
Added Member To Class: ClassName=power Member=Component U7 PTS645
Added Room: Name=fpga_radio
Added Room: Name=io_bank
Added Room: Name=power
