
****************
Macro Parameters
****************

Name                            : ccc_slow
Family                          : PA3LCLP
Output Format                   : VERILOG
Type                            : Dynamic CCC
PowerDown                       : Active Low
Lock                            : Active High
Input Freq(Mhz)                 : 20.000000
CLKA Source                     : Hardwired I/O
Feedback Delay Value Index      : 1
Feedback Mux Select             : 1
XDLY Mux Select                 : No
Primary Freq(Mhz)               : 1.000000
Primary PhaseShift              : 0
Primary Delay Value Index       : 1
Primary Mux Select              : 4
Secondary1 Freq(Mhz)            : 0.000000
Use GLB                         : NO
Use YB                          : NO
GLB Delay Value Index           : 32
YB Delay Value Index            : 32
Secondary1 PhaseShift           : 0
Secondary1 Mux Select           : 0
Secondary1 Input Freq(Mhz)      : 0.000000
CLKB Source                     : Hardwired I/O
Secondary2 Freq(Mhz)            : 0.000000
Use GLC                         : NO
Use YC                          : NO
GLC Delay Value Index           : 32
YC Delay Value Index            : 32
Secondary2 PhaseShift           : 0
Secondary2 Mux Select           : 0
Secondary2 Input Freq(Mhz)      : 0.000000
CLKC Source                     : Hardwired I/O
Lock Control                    : No

Configuration Bits:
 FINDIV[6:0]     0000011FBDIV[6:0]      0000100OADIV[4:0]      11000OBDIV[4:0]      01100OCDIV[4:0]      01100OAMUX[2:0]      100OBMUX[2:0]      000OCMUX[2:0]      000FBSEL[1:0]      01FBDLY[4:0]      00000XDLYSEL         0DLYGLA[4:0]     00000DLYGLB[4:0]     00000DLYGLC[4:0]     00000DLYYB[4:0]      00000DLYYC[4:0]      00000VCOSEL[2:0]     000
Primary Clock Frequency 1.000
Primary Clock Phase Shift 0.000
Primary Clock Output Delay from CLKA 3.330

######################################
# Dynamic Stream Data                 
######################################
--------------------------------------
|NAME     |SDIN     |VALUE   |TYPE     |
--------------------------------------
|FINDIV   |[6:0]    |0000011 |EDIT     |
|FBDIV    |[13:7]   |0000100 |EDIT     |
|OADIV    |[18:14]  |11000   |EDIT     |
|OBDIV    |[23:19]  |01100   |EDIT     |
|OCDIV    |[28:24]  |01100   |EDIT     |
|OAMUX    |[31:29]  |100     |EDIT     |
|OBMUX    |[34:32]  |000     |EDIT     |
|OCMUX    |[37:35]  |000     |EDIT     |
|FBSEL    |[39:38]  |01      |EDIT     |
|FBDLY    |[44:40]  |00000   |EDIT     |
|XDLYSEL  |[45]     |0       |EDIT     |
|DLYGLA   |[50:46]  |00000   |EDIT     |
|DLYGLB   |[55:51]  |00000   |EDIT     |
|DLYGLC   |[60:56]  |00000   |EDIT     |
|DLYYB    |[65:61]  |00000   |EDIT     |
|DLYYC    |[70:66]  |00000   |EDIT     |
|STATASEL |[71]     |X       |MASKED*  |
|STATBSEL |[72]     |X       |MASKED*  |
|STATCSEL |[73]     |X       |MASKED*  |
|VCOSEL   |[76:74]  |000     |EDIT     |
|DYNASEL  |[77]     |X       |MASKED*  |
|DYNBSEL  |[78]     |X       |MASKED*  |
|DYNCSEL  |[79]     |X       |MASKED*  |
|RESETEN  |[80]     |1       |READONLY |
----------------------------------------

*: These bits are computed after layout has been run
   and are available in the post-layout CCC_Configuration Global Report

**************
Compile Report
**************


Netlist Resource Report
=======================


Wrote Verilog netlist to Z:/fpga_vision/fs_backscatter/smartgen\ccc_slow\ccc_slow.v.
instance 'Core' is floating. This will waste one global resource.
Warning:  CMP802: Global Output GLB of DYNCCC instance 'Core' is floating. This will waste one global resource.

Netlist Resource Report
=======================

    CORE                       Used:      0  Total:   6144   (0.00%)
    IO (W/ clocks)             Used:      0  Total:     68   (0.00%)
    GLOBAL (Chip+Quadrant)     Used:      3  Total:     18   (16.67%)
    PLL                        Used:      1  Total:      1   (100.00%)
    RAM/FIFO                   Used:      0  Total:      8   (0.00%)
    Low Static ICC             Used:      0  Total:      1   (0.00%)
    FlashROM                   Used:      0  Total:      1   (0.00%)
    User JTAG                  Used:      0  Total:      1   (0.00%)

Wrote Verilog netlist to Z:/fpga_vision/fs_backscatter/smartgen\ccc_slow\ccc_slow.v.

 ** Log Ended:   Fri Mar 04 20:49:07 2016

