 ** Message System Log
 ** Database: 
 ** Date:   Sat Dec 12 14:36:10 2015


****************
Macro Parameters
****************

Name                            : delay
Family                          : PA3LCLP
Output Format                   : VERILOG
Type                            : Delayed Clock
Delay Index                     : 32
CLKA Source                     : Core Logic

Total Clock Delay = 21.642 ns.

**************
Compile Report
**************


Netlist Resource Report
=======================

    CORE                       Used:      0  Total:   6144   (0.00%)
    IO (W/ clocks)             Used:      0  Total:     68   (0.00%)
    GLOBAL (Chip+Quadrant)     Used:      1  Total:     18   (5.56%)
    PLL                        Used:      0  Total:      1   (0.00%)
    RAM/FIFO                   Used:      0  Total:      8   (0.00%)
    Low Static ICC             Used:      0  Total:      1   (0.00%)
    FlashROM                   Used:      0  Total:      1   (0.00%)
    User JTAG                  Used:      0  Total:      1   (0.00%)

Wrote Verilog netlist to Z:/fpga_vision/test_tmp/smartgen\delay\delay.v.

 ** Log Ended:   Sat Dec 12 14:36:10 2015

