 ** Message System Log
 ** Database: 
 ** Date:   Mon Mar 02 10:03:01 2015


****************
Macro Parameters
****************

Name                            : clock_module
Family                          : PA3LCLP
Output Format                   : VERILOG
Type                            : Delayed Clock
Delay Index                     : 1
CLKA Source                     : Hardwired I/O

Total Clock Delay = 0.740 ns.

**************
Compile Report
**************


Netlist Resource Report
=======================

    CORE                       Used:      0  Total:   6144   (0.00%)
    IO (W/ clocks)             Used:      0  Total:     68   (0.00%)
    GLOBAL (Chip+Quadrant)     Used:      1  Total:     18   (5.56%)
    PLL                        Used:      0  Total:      1   (0.00%)
    RAM/FIFO                   Used:      0  Total:      8   (0.00%)
    Low Static ICC             Used:      0  Total:      1   (0.00%)
    FlashROM                   Used:      0  Total:      1   (0.00%)
    User JTAG                  Used:      0  Total:      1   (0.00%)

Wrote Verilog netlist to Z:/fpga_vision/test_tmp/smartgen\clock_module\clock_module.v.

 ** Log Ended:   Mon Mar 02 10:03:02 2015

